{"message":"Note with id 1 created.","level":"info"}
{"message":"Note with id 1 deleted.","level":"info"}
{"message":"Note with id 2 created.","level":"info"}
{"message":"Note with id 2 deleted.","level":"info"}
{"message":"Note with id 3 created.","level":"info"}
{"message":"Note with id 3 deleted.","level":"info"}
{"message":"Note with id 4 created.","level":"info"}
{"message":"Note with id 4 deleted.","level":"info"}
{"message":"Folder with id 5 created.","level":"info"}
{"message":"Note with id 9 created.","level":"info"}
{"message":"database \"noteful-testing\" does not exist","level":"error"}
{"message":"read ECONNRESET","level":"error"}
{"message":"database \"noteful-testing\" does not exist","level":"error"}
{"message":"database \"noteful-testing\" does not exist","level":"error"}
{"message":"read ECONNRESET","level":"error"}
{"message":"database \"noteful-testing\" does not exist","level":"error"}
{"message":"database \"noteful-testing\" does not exist","level":"error"}
{"message":"read ECONNRESET","level":"error"}
{"message":"Folder with id 1 created.","level":"info"}
{"message":"Note with id 1 created.","level":"info"}
{"message":"Folder with id 2 created.","level":"info"}
{"message":"Note with id 2 created.","level":"info"}
{"message":"Note with id 2 deleted.","level":"info"}
{"message":"Note with id 1 deleted.","level":"info"}
{"message":"Note with id 3 created.","level":"info"}
{"message":"Note with id 3 deleted.","level":"info"}
{"message":"Note with id 4 created.","level":"info"}
{"message":"Note with id 4 deleted.","level":"info"}
{"message":"database \"noteful_database\" does not exist","level":"error"}
{"message":"database \"noteful_database\" does not exist","level":"error"}
{"message":"database \"noteful_database\" does not exist","level":"error"}
{"message":"database \"noteful_database\" does not exist","level":"error"}
